{"E:\\phase2\\IP\\IP-HCK75\\server\\app.js": {"path":"E:\\phase2\\IP\\IP-HCK75\\server\\app.js","statementMap":{"0":{"start":{"line":1,"column":0},"end":{"line":3,"column":1}},"1":{"start":{"line":2,"column":2},"end":{"line":2,"column":29}},"2":{"start":{"line":4,"column":15},"end":{"line":4,"column":41}},"3":{"start":{"line":5,"column":16},"end":{"line":5,"column":34}},"4":{"start":{"line":6,"column":12},"end":{"line":6,"column":21}},"5":{"start":{"line":8,"column":13},"end":{"line":8,"column":28}},"6":{"start":{"line":9,"column":0},"end":{"line":9,"column":15}},"7":{"start":{"line":10,"column":0},"end":{"line":10,"column":48}},"8":{"start":{"line":11,"column":0},"end":{"line":11,"column":24}},"9":{"start":{"line":13,"column":0},"end":{"line":13,"column":21}},"10":{"start":{"line":14,"column":0},"end":{"line":14,"column":20}}},"fnMap":{},"branchMap":{"0":{"loc":{"start":{"line":1,"column":0},"end":{"line":3,"column":1}},"type":"if","locations":[{"start":{"line":1,"column":0},"end":{"line":3,"column":1}},{"start":{},"end":{}}],"line":1}},"s":{"0":2,"1":2,"2":2,"3":2,"4":2,"5":2,"6":2,"7":2,"8":2,"9":2,"10":2},"f":{},"b":{"0":[2,0]},"_coverageSchema":"1a1c01bbd47fc00a2c39e90264f33305004495a9","hash":"7468103c9cf5ec6bc2997b4a925b857888748d8f"}
,"E:\\phase2\\IP\\IP-HCK75\\server\\Controllers\\Controllers.js": {"path":"E:\\phase2\\IP\\IP-HCK75\\server\\Controllers\\Controllers.js","statementMap":{"0":{"start":{"line":1,"column":28},"end":{"line":1,"column":58}},"1":{"start":{"line":2,"column":22},"end":{"line":2,"column":47}},"2":{"start":{"line":3,"column":17},"end":{"line":3,"column":37}},"3":{"start":{"line":7,"column":4},"end":{"line":18,"column":5}},"4":{"start":{"line":8,"column":32},"end":{"line":8,"column":40}},"5":{"start":{"line":9,"column":17},"end":{"line":9,"column":55}},"6":{"start":{"line":10,"column":6},"end":{"line":10,"column":24}},"7":{"start":{"line":12,"column":6},"end":{"line":15,"column":9}},"8":{"start":{"line":17,"column":6},"end":{"line":17,"column":18}},"9":{"start":{"line":22,"column":4},"end":{"line":40,"column":5}},"10":{"start":{"line":23,"column":32},"end":{"line":23,"column":40}},"11":{"start":{"line":24,"column":6},"end":{"line":24,"column":54}},"12":{"start":{"line":24,"column":18},"end":{"line":24,"column":54}},"13":{"start":{"line":25,"column":6},"end":{"line":25,"column":60}},"14":{"start":{"line":25,"column":21},"end":{"line":25,"column":60}},"15":{"start":{"line":26,"column":17},"end":{"line":26,"column":57}},"16":{"start":{"line":27,"column":6},"end":{"line":27,"column":58}},"17":{"start":{"line":27,"column":17},"end":{"line":27,"column":58}},"18":{"start":{"line":28,"column":21},"end":{"line":28,"column":61}},"19":{"start":{"line":29,"column":6},"end":{"line":29,"column":62}},"20":{"start":{"line":29,"column":21},"end":{"line":29,"column":62}},"21":{"start":{"line":30,"column":20},"end":{"line":32,"column":7}},"22":{"start":{"line":33,"column":24},"end":{"line":33,"column":42}},"23":{"start":{"line":35,"column":6},"end":{"line":35,"column":31}},"24":{"start":{"line":37,"column":6},"end":{"line":37,"column":44}},"25":{"start":{"line":39,"column":6},"end":{"line":39,"column":18}},"26":{"start":{"line":44,"column":28},"end":{"line":44,"column":36}},"27":{"start":{"line":45,"column":4},"end":{"line":67,"column":5}},"28":{"start":{"line":46,"column":21},"end":{"line":49,"column":8}},"29":{"start":{"line":50,"column":22},"end":{"line":50,"column":41}},"30":{"start":{"line":51,"column":30},"end":{"line":61,"column":8}},"31":{"start":{"line":63,"column":20},"end":{"line":63,"column":70}},"32":{"start":{"line":64,"column":6},"end":{"line":64,"column":68}},"33":{"start":{"line":66,"column":6},"end":{"line":66,"column":18}},"34":{"start":{"line":71,"column":0},"end":{"line":71,"column":28}}},"fnMap":{"0":{"name":"(anonymous_0)","decl":{"start":{"line":6,"column":2},"end":{"line":6,"column":3}},"loc":{"start":{"line":6,"column":40},"end":{"line":19,"column":3}},"line":6},"1":{"name":"(anonymous_1)","decl":{"start":{"line":21,"column":2},"end":{"line":21,"column":3}},"loc":{"start":{"line":21,"column":37},"end":{"line":41,"column":3}},"line":21},"2":{"name":"(anonymous_2)","decl":{"start":{"line":43,"column":2},"end":{"line":43,"column":3}},"loc":{"start":{"line":43,"column":43},"end":{"line":68,"column":3}},"line":43}},"branchMap":{"0":{"loc":{"start":{"line":24,"column":6},"end":{"line":24,"column":54}},"type":"if","locations":[{"start":{"line":24,"column":6},"end":{"line":24,"column":54}},{"start":{},"end":{}}],"line":24},"1":{"loc":{"start":{"line":25,"column":6},"end":{"line":25,"column":60}},"type":"if","locations":[{"start":{"line":25,"column":6},"end":{"line":25,"column":60}},{"start":{},"end":{}}],"line":25},"2":{"loc":{"start":{"line":27,"column":6},"end":{"line":27,"column":58}},"type":"if","locations":[{"start":{"line":27,"column":6},"end":{"line":27,"column":58}},{"start":{},"end":{}}],"line":27},"3":{"loc":{"start":{"line":29,"column":6},"end":{"line":29,"column":62}},"type":"if","locations":[{"start":{"line":29,"column":6},"end":{"line":29,"column":62}},{"start":{},"end":{}}],"line":29},"4":{"loc":{"start":{"line":64,"column":17},"end":{"line":64,"column":36}},"type":"cond-expr","locations":[{"start":{"line":64,"column":27},"end":{"line":64,"column":30}},{"start":{"line":64,"column":33},"end":{"line":64,"column":36}}],"line":64}},"s":{"0":2,"1":2,"2":2,"3":3,"4":3,"5":3,"6":1,"7":1,"8":2,"9":4,"10":4,"11":4,"12":1,"13":3,"14":1,"15":2,"16":2,"17":1,"18":1,"19":1,"20":0,"21":1,"22":1,"23":1,"24":1,"25":3,"26":0,"27":0,"28":0,"29":0,"30":0,"31":0,"32":0,"33":0,"34":2},"f":{"0":3,"1":4,"2":0},"b":{"0":[1,3],"1":[1,2],"2":[1,1],"3":[0,1],"4":[0,0]},"_coverageSchema":"1a1c01bbd47fc00a2c39e90264f33305004495a9","hash":"5f80d278cfa517985851c258ce82e3eb8b2d8cee"}
,"E:\\phase2\\IP\\IP-HCK75\\server\\Controllers\\apiController.js": {"path":"E:\\phase2\\IP\\IP-HCK75\\server\\Controllers\\apiController.js","statementMap":{"0":{"start":{"line":1,"column":34},"end":{"line":1,"column":50}},"1":{"start":{"line":5,"column":8},"end":{"line":17,"column":9}},"2":{"start":{"line":7,"column":21},"end":{"line":7,"column":30}},"3":{"start":{"line":8,"column":27},"end":{"line":11,"column":14}},"4":{"start":{"line":12,"column":12},"end":{"line":12,"column":30}},"5":{"start":{"line":13,"column":12},"end":{"line":13,"column":38}},"6":{"start":{"line":15,"column":12},"end":{"line":15,"column":31}},"7":{"start":{"line":21,"column":0},"end":{"line":21,"column":30}}},"fnMap":{"0":{"name":"(anonymous_0)","decl":{"start":{"line":4,"column":4},"end":{"line":4,"column":5}},"loc":{"start":{"line":4,"column":38},"end":{"line":18,"column":5}},"line":4}},"branchMap":{},"s":{"0":2,"1":0,"2":0,"3":0,"4":0,"5":0,"6":0,"7":2},"f":{"0":0},"b":{},"_coverageSchema":"1a1c01bbd47fc00a2c39e90264f33305004495a9","hash":"e17805d53f395dba48d23f5f4697e7cc1a0534c7"}
,"E:\\phase2\\IP\\IP-HCK75\\server\\Controllers\\plantController.js": {"path":"E:\\phase2\\IP\\IP-HCK75\\server\\Controllers\\plantController.js","statementMap":{"0":{"start":{"line":1,"column":15},"end":{"line":1,"column":35}},"1":{"start":{"line":2,"column":30},"end":{"line":2,"column":50}},"2":{"start":{"line":3,"column":28},"end":{"line":3,"column":58}},"3":{"start":{"line":4,"column":25},"end":{"line":4,"column":63}},"4":{"start":{"line":12,"column":4},"end":{"line":59,"column":5}},"5":{"start":{"line":13,"column":6},"end":{"line":13,"column":29}},"6":{"start":{"line":15,"column":45},"end":{"line":15,"column":54}},"7":{"start":{"line":16,"column":26},"end":{"line":21,"column":7}},"8":{"start":{"line":22,"column":6},"end":{"line":26,"column":7}},"9":{"start":{"line":23,"column":8},"end":{"line":25,"column":10}},"10":{"start":{"line":27,"column":6},"end":{"line":33,"column":7}},"11":{"start":{"line":28,"column":8},"end":{"line":32,"column":10}},"12":{"start":{"line":34,"column":6},"end":{"line":38,"column":7}},"13":{"start":{"line":35,"column":25},"end":{"line":35,"column":57}},"14":{"start":{"line":36,"column":24},"end":{"line":36,"column":66}},"15":{"start":{"line":37,"column":8},"end":{"line":37,"column":50}},"16":{"start":{"line":40,"column":18},"end":{"line":40,"column":20}},"17":{"start":{"line":41,"column":19},"end":{"line":41,"column":20}},"18":{"start":{"line":43,"column":6},"end":{"line":52,"column":7}},"19":{"start":{"line":44,"column":8},"end":{"line":47,"column":9}},"20":{"start":{"line":45,"column":10},"end":{"line":45,"column":28}},"21":{"start":{"line":46,"column":10},"end":{"line":46,"column":36}},"22":{"start":{"line":48,"column":8},"end":{"line":51,"column":9}},"23":{"start":{"line":49,"column":10},"end":{"line":49,"column":30}},"24":{"start":{"line":50,"column":10},"end":{"line":50,"column":51}},"25":{"start":{"line":55,"column":17},"end":{"line":55,"column":49}},"26":{"start":{"line":56,"column":6},"end":{"line":56,"column":33}},"27":{"start":{"line":58,"column":6},"end":{"line":58,"column":18}},"28":{"start":{"line":63,"column":4},"end":{"line":71,"column":5}},"29":{"start":{"line":64,"column":6},"end":{"line":64,"column":30}},"30":{"start":{"line":65,"column":17},"end":{"line":65,"column":52}},"31":{"start":{"line":67,"column":6},"end":{"line":67,"column":44}},"32":{"start":{"line":67,"column":17},"end":{"line":67,"column":44}},"33":{"start":{"line":68,"column":6},"end":{"line":68,"column":33}},"34":{"start":{"line":70,"column":6},"end":{"line":70,"column":18}},"35":{"start":{"line":75,"column":4},"end":{"line":82,"column":5}},"36":{"start":{"line":77,"column":17},"end":{"line":77,"column":45}},"37":{"start":{"line":79,"column":6},"end":{"line":79,"column":33}},"38":{"start":{"line":81,"column":6},"end":{"line":81,"column":18}},"39":{"start":{"line":85,"column":4},"end":{"line":96,"column":5}},"40":{"start":{"line":86,"column":21},"end":{"line":86,"column":31}},"41":{"start":{"line":88,"column":6},"end":{"line":90,"column":9}},"42":{"start":{"line":91,"column":6},"end":{"line":93,"column":9}},"43":{"start":{"line":95,"column":6},"end":{"line":95,"column":18}},"44":{"start":{"line":130,"column":4},"end":{"line":142,"column":5}},"45":{"start":{"line":131,"column":21},"end":{"line":131,"column":31}},"46":{"start":{"line":132,"column":17},"end":{"line":132,"column":41}},"47":{"start":{"line":133,"column":6},"end":{"line":133,"column":44}},"48":{"start":{"line":133,"column":17},"end":{"line":133,"column":44}},"49":{"start":{"line":134,"column":6},"end":{"line":136,"column":9}},"50":{"start":{"line":137,"column":6},"end":{"line":139,"column":9}},"51":{"start":{"line":141,"column":6},"end":{"line":141,"column":18}},"52":{"start":{"line":145,"column":0},"end":{"line":145,"column":33}}},"fnMap":{"0":{"name":"(anonymous_0)","decl":{"start":{"line":11,"column":2},"end":{"line":11,"column":3}},"loc":{"start":{"line":11,"column":43},"end":{"line":60,"column":3}},"line":11},"1":{"name":"(anonymous_1)","decl":{"start":{"line":62,"column":2},"end":{"line":62,"column":3}},"loc":{"start":{"line":62,"column":41},"end":{"line":72,"column":3}},"line":62},"2":{"name":"(anonymous_2)","decl":{"start":{"line":74,"column":2},"end":{"line":74,"column":3}},"loc":{"start":{"line":74,"column":44},"end":{"line":83,"column":3}},"line":74},"3":{"name":"(anonymous_3)","decl":{"start":{"line":84,"column":2},"end":{"line":84,"column":3}},"loc":{"start":{"line":84,"column":41},"end":{"line":97,"column":3}},"line":84},"4":{"name":"(anonymous_4)","decl":{"start":{"line":129,"column":2},"end":{"line":129,"column":3}},"loc":{"start":{"line":129,"column":43},"end":{"line":143,"column":3}},"line":129}},"branchMap":{"0":{"loc":{"start":{"line":22,"column":6},"end":{"line":26,"column":7}},"type":"if","locations":[{"start":{"line":22,"column":6},"end":{"line":26,"column":7}},{"start":{},"end":{}}],"line":22},"1":{"loc":{"start":{"line":27,"column":6},"end":{"line":33,"column":7}},"type":"if","locations":[{"start":{"line":27,"column":6},"end":{"line":33,"column":7}},{"start":{},"end":{}}],"line":27},"2":{"loc":{"start":{"line":34,"column":6},"end":{"line":38,"column":7}},"type":"if","locations":[{"start":{"line":34,"column":6},"end":{"line":38,"column":7}},{"start":{},"end":{}}],"line":34},"3":{"loc":{"start":{"line":35,"column":25},"end":{"line":35,"column":57}},"type":"cond-expr","locations":[{"start":{"line":35,"column":43},"end":{"line":35,"column":49}},{"start":{"line":35,"column":52},"end":{"line":35,"column":57}}],"line":35},"4":{"loc":{"start":{"line":36,"column":24},"end":{"line":36,"column":66}},"type":"cond-expr","locations":[{"start":{"line":36,"column":46},"end":{"line":36,"column":59}},{"start":{"line":36,"column":62},"end":{"line":36,"column":66}}],"line":36},"5":{"loc":{"start":{"line":43,"column":6},"end":{"line":52,"column":7}},"type":"if","locations":[{"start":{"line":43,"column":6},"end":{"line":52,"column":7}},{"start":{},"end":{}}],"line":43},"6":{"loc":{"start":{"line":44,"column":8},"end":{"line":47,"column":9}},"type":"if","locations":[{"start":{"line":44,"column":8},"end":{"line":47,"column":9}},{"start":{},"end":{}}],"line":44},"7":{"loc":{"start":{"line":48,"column":8},"end":{"line":51,"column":9}},"type":"if","locations":[{"start":{"line":48,"column":8},"end":{"line":51,"column":9}},{"start":{},"end":{}}],"line":48},"8":{"loc":{"start":{"line":67,"column":6},"end":{"line":67,"column":44}},"type":"if","locations":[{"start":{"line":67,"column":6},"end":{"line":67,"column":44}},{"start":{},"end":{}}],"line":67},"9":{"loc":{"start":{"line":133,"column":6},"end":{"line":133,"column":44}},"type":"if","locations":[{"start":{"line":133,"column":6},"end":{"line":133,"column":44}},{"start":{},"end":{}}],"line":133}},"s":{"0":2,"1":2,"2":2,"3":2,"4":0,"5":0,"6":0,"7":0,"8":0,"9":0,"10":0,"11":0,"12":0,"13":0,"14":0,"15":0,"16":0,"17":0,"18":0,"19":0,"20":0,"21":0,"22":0,"23":0,"24":0,"25":0,"26":0,"27":0,"28":0,"29":0,"30":0,"31":0,"32":0,"33":0,"34":0,"35":0,"36":0,"37":0,"38":0,"39":0,"40":0,"41":0,"42":0,"43":0,"44":0,"45":0,"46":0,"47":0,"48":0,"49":0,"50":0,"51":0,"52":2},"f":{"0":0,"1":0,"2":0,"3":0,"4":0},"b":{"0":[0,0],"1":[0,0],"2":[0,0],"3":[0,0],"4":[0,0],"5":[0,0],"6":[0,0],"7":[0,0],"8":[0,0],"9":[0,0]},"_coverageSchema":"1a1c01bbd47fc00a2c39e90264f33305004495a9","hash":"69723ee75a9d2c3dd3d4b1c087c6bf5aaf1b99d2"}
,"E:\\phase2\\IP\\IP-HCK75\\server\\Controllers\\typeController.js": {"path":"E:\\phase2\\IP\\IP-HCK75\\server\\Controllers\\typeController.js","statementMap":{"0":{"start":{"line":3,"column":17},"end":{"line":3,"column":37}},"1":{"start":{"line":8,"column":4},"end":{"line":13,"column":5}},"2":{"start":{"line":9,"column":17},"end":{"line":9,"column":37}},"3":{"start":{"line":10,"column":6},"end":{"line":10,"column":33}},"4":{"start":{"line":12,"column":6},"end":{"line":12,"column":18}},"5":{"start":{"line":16,"column":4},"end":{"line":24,"column":5}},"6":{"start":{"line":19,"column":17},"end":{"line":19,"column":44}},"7":{"start":{"line":20,"column":6},"end":{"line":20,"column":33}},"8":{"start":{"line":23,"column":6},"end":{"line":23,"column":17}},"9":{"start":{"line":28,"column":4},"end":{"line":40,"column":5}},"10":{"start":{"line":29,"column":21},"end":{"line":29,"column":31}},"11":{"start":{"line":30,"column":17},"end":{"line":30,"column":40}},"12":{"start":{"line":31,"column":6},"end":{"line":31,"column":44}},"13":{"start":{"line":31,"column":17},"end":{"line":31,"column":44}},"14":{"start":{"line":32,"column":6},"end":{"line":34,"column":9}},"15":{"start":{"line":35,"column":6},"end":{"line":37,"column":9}},"16":{"start":{"line":39,"column":5},"end":{"line":39,"column":16}},"17":{"start":{"line":44,"column":4},"end":{"line":56,"column":5}},"18":{"start":{"line":45,"column":21},"end":{"line":45,"column":31}},"19":{"start":{"line":46,"column":17},"end":{"line":46,"column":40}},"20":{"start":{"line":47,"column":6},"end":{"line":47,"column":44}},"21":{"start":{"line":47,"column":17},"end":{"line":47,"column":44}},"22":{"start":{"line":48,"column":6},"end":{"line":50,"column":9}},"23":{"start":{"line":51,"column":6},"end":{"line":53,"column":9}},"24":{"start":{"line":55,"column":6},"end":{"line":55,"column":18}},"25":{"start":{"line":59,"column":0},"end":{"line":59,"column":32}}},"fnMap":{"0":{"name":"(anonymous_0)","decl":{"start":{"line":7,"column":2},"end":{"line":7,"column":3}},"loc":{"start":{"line":7,"column":39},"end":{"line":14,"column":3}},"line":7},"1":{"name":"(anonymous_1)","decl":{"start":{"line":15,"column":2},"end":{"line":15,"column":3}},"loc":{"start":{"line":15,"column":39},"end":{"line":25,"column":3}},"line":15},"2":{"name":"(anonymous_2)","decl":{"start":{"line":27,"column":2},"end":{"line":27,"column":3}},"loc":{"start":{"line":27,"column":39},"end":{"line":41,"column":3}},"line":27},"3":{"name":"(anonymous_3)","decl":{"start":{"line":43,"column":2},"end":{"line":43,"column":3}},"loc":{"start":{"line":43,"column":36},"end":{"line":57,"column":3}},"line":43}},"branchMap":{"0":{"loc":{"start":{"line":31,"column":6},"end":{"line":31,"column":44}},"type":"if","locations":[{"start":{"line":31,"column":6},"end":{"line":31,"column":44}},{"start":{},"end":{}}],"line":31},"1":{"loc":{"start":{"line":47,"column":6},"end":{"line":47,"column":44}},"type":"if","locations":[{"start":{"line":47,"column":6},"end":{"line":47,"column":44}},{"start":{},"end":{}}],"line":47}},"s":{"0":2,"1":0,"2":0,"3":0,"4":0,"5":0,"6":0,"7":0,"8":0,"9":0,"10":0,"11":0,"12":0,"13":0,"14":0,"15":0,"16":0,"17":0,"18":0,"19":0,"20":0,"21":0,"22":0,"23":0,"24":0,"25":2},"f":{"0":0,"1":0,"2":0,"3":0},"b":{"0":[0,0],"1":[0,0]},"_coverageSchema":"1a1c01bbd47fc00a2c39e90264f33305004495a9","hash":"065d1f00da2757ee3aefb010447e71e52fb3b89b"}
,"E:\\phase2\\IP\\IP-HCK75\\server\\Helpers\\bycripts.js": {"path":"E:\\phase2\\IP\\IP-HCK75\\server\\Helpers\\bycripts.js","statementMap":{"0":{"start":{"line":1,"column":15},"end":{"line":1,"column":34}},"1":{"start":{"line":3,"column":21},"end":{"line":6,"column":1}},"2":{"start":{"line":4,"column":15},"end":{"line":4,"column":36}},"3":{"start":{"line":5,"column":2},"end":{"line":5,"column":41}},"4":{"start":{"line":8,"column":24},"end":{"line":10,"column":1}},"5":{"start":{"line":9,"column":2},"end":{"line":9,"column":54}},"6":{"start":{"line":11,"column":0},"end":{"line":11,"column":51}}},"fnMap":{"0":{"name":"(anonymous_0)","decl":{"start":{"line":3,"column":21},"end":{"line":3,"column":22}},"loc":{"start":{"line":3,"column":35},"end":{"line":6,"column":1}},"line":3},"1":{"name":"(anonymous_1)","decl":{"start":{"line":8,"column":24},"end":{"line":8,"column":25}},"loc":{"start":{"line":8,"column":54},"end":{"line":10,"column":1}},"line":8}},"branchMap":{},"s":{"0":2,"1":2,"2":4,"3":4,"4":2,"5":1,"6":2},"f":{"0":4,"1":1},"b":{},"_coverageSchema":"1a1c01bbd47fc00a2c39e90264f33305004495a9","hash":"d1b1f80edd5667d44c9b7327a35de9a3c86ea9a4"}
,"E:\\phase2\\IP\\IP-HCK75\\server\\Helpers\\gemini.js": {"path":"E:\\phase2\\IP\\IP-HCK75\\server\\Helpers\\gemini.js","statementMap":{"0":{"start":{"line":3,"column":31},"end":{"line":3,"column":63}},"1":{"start":{"line":4,"column":24},"end":{"line":4,"column":65}},"2":{"start":{"line":5,"column":30},"end":{"line":5,"column":50}},"3":{"start":{"line":6,"column":0},"end":{"line":6,"column":26}},"4":{"start":{"line":7,"column":13},"end":{"line":7,"column":29}},"5":{"start":{"line":9,"column":15},"end":{"line":45,"column":1}},"6":{"start":{"line":10,"column":18},"end":{"line":10,"column":73}},"7":{"start":{"line":11,"column":18},"end":{"line":11,"column":73}},"8":{"start":{"line":13,"column":17},"end":{"line":16,"column":8}},"9":{"start":{"line":19,"column":19},"end":{"line":22,"column":6}},"10":{"start":{"line":23,"column":4},"end":{"line":23,"column":22}},"11":{"start":{"line":27,"column":19},"end":{"line":32,"column":41}},"12":{"start":{"line":33,"column":4},"end":{"line":33,"column":26}},"13":{"start":{"line":34,"column":4},"end":{"line":43,"column":5}},"14":{"start":{"line":36,"column":23},"end":{"line":36,"column":58}},"15":{"start":{"line":37,"column":8},"end":{"line":37,"column":58}},"16":{"start":{"line":39,"column":8},"end":{"line":39,"column":58}},"17":{"start":{"line":41,"column":8},"end":{"line":41,"column":37}},"18":{"start":{"line":46,"column":0},"end":{"line":46,"column":23}}},"fnMap":{"0":{"name":"(anonymous_0)","decl":{"start":{"line":9,"column":15},"end":{"line":9,"column":16}},"loc":{"start":{"line":9,"column":35},"end":{"line":45,"column":1}},"line":9}},"branchMap":{},"s":{"0":2,"1":2,"2":2,"3":2,"4":2,"5":2,"6":0,"7":0,"8":0,"9":0,"10":0,"11":0,"12":0,"13":0,"14":0,"15":0,"16":0,"17":0,"18":2},"f":{"0":0},"b":{},"_coverageSchema":"1a1c01bbd47fc00a2c39e90264f33305004495a9","hash":"bfcc42b10978fb9a80e37b50510858cd8066602b"}
,"E:\\phase2\\IP\\IP-HCK75\\server\\Helpers\\jwt.js": {"path":"E:\\phase2\\IP\\IP-HCK75\\server\\Helpers\\jwt.js","statementMap":{"0":{"start":{"line":1,"column":12},"end":{"line":1,"column":35}},"1":{"start":{"line":3,"column":16},"end":{"line":3,"column":38}},"2":{"start":{"line":5,"column":16},"end":{"line":7,"column":1}},"3":{"start":{"line":6,"column":2},"end":{"line":6,"column":38}},"4":{"start":{"line":9,"column":18},"end":{"line":11,"column":1}},"5":{"start":{"line":10,"column":2},"end":{"line":10,"column":38}},"6":{"start":{"line":13,"column":0},"end":{"line":16,"column":2}}},"fnMap":{"0":{"name":"(anonymous_0)","decl":{"start":{"line":5,"column":16},"end":{"line":5,"column":17}},"loc":{"start":{"line":5,"column":29},"end":{"line":7,"column":1}},"line":5},"1":{"name":"(anonymous_1)","decl":{"start":{"line":9,"column":18},"end":{"line":9,"column":19}},"loc":{"start":{"line":9,"column":29},"end":{"line":11,"column":1}},"line":9}},"branchMap":{},"s":{"0":2,"1":2,"2":2,"3":1,"4":2,"5":0,"6":2},"f":{"0":1,"1":0},"b":{},"_coverageSchema":"1a1c01bbd47fc00a2c39e90264f33305004495a9","hash":"dd8a3d8a8ce86d31d12e6ef3ad0a0b69c5df0ecb"}
,"E:\\phase2\\IP\\IP-HCK75\\server\\Middlewares\\authentication.js": {"path":"E:\\phase2\\IP\\IP-HCK75\\server\\Middlewares\\authentication.js","statementMap":{"0":{"start":{"line":1,"column":17},"end":{"line":1,"column":37}},"1":{"start":{"line":2,"column":35},"end":{"line":2,"column":60}},"2":{"start":{"line":5,"column":2},"end":{"line":30,"column":3}},"3":{"start":{"line":6,"column":24},"end":{"line":6,"column":49}},"4":{"start":{"line":7,"column":4},"end":{"line":7,"column":46}},"5":{"start":{"line":8,"column":4},"end":{"line":10,"column":5}},"6":{"start":{"line":9,"column":6},"end":{"line":9,"column":38}},"7":{"start":{"line":12,"column":28},"end":{"line":12,"column":50}},"8":{"start":{"line":14,"column":4},"end":{"line":15,"column":38}},"9":{"start":{"line":15,"column":6},"end":{"line":15,"column":38}},"10":{"start":{"line":16,"column":18},"end":{"line":16,"column":36}},"11":{"start":{"line":17,"column":17},"end":{"line":17,"column":48}},"12":{"start":{"line":19,"column":4},"end":{"line":21,"column":5}},"13":{"start":{"line":20,"column":6},"end":{"line":20,"column":38}},"14":{"start":{"line":22,"column":4},"end":{"line":24,"column":6}},"15":{"start":{"line":25,"column":4},"end":{"line":25,"column":11}},"16":{"start":{"line":27,"column":4},"end":{"line":27,"column":35}},"17":{"start":{"line":29,"column":4},"end":{"line":29,"column":16}},"18":{"start":{"line":33,"column":0},"end":{"line":33,"column":32}}},"fnMap":{"0":{"name":"authentication","decl":{"start":{"line":4,"column":15},"end":{"line":4,"column":29}},"loc":{"start":{"line":4,"column":46},"end":{"line":31,"column":1}},"line":4}},"branchMap":{"0":{"loc":{"start":{"line":8,"column":4},"end":{"line":10,"column":5}},"type":"if","locations":[{"start":{"line":8,"column":4},"end":{"line":10,"column":5}},{"start":{},"end":{}}],"line":8},"1":{"loc":{"start":{"line":14,"column":4},"end":{"line":15,"column":38}},"type":"if","locations":[{"start":{"line":14,"column":4},"end":{"line":15,"column":38}},{"start":{},"end":{}}],"line":14},"2":{"loc":{"start":{"line":14,"column":8},"end":{"line":14,"column":48}},"type":"binary-expr","locations":[{"start":{"line":14,"column":8},"end":{"line":14,"column":15}},{"start":{"line":14,"column":19},"end":{"line":14,"column":25}},{"start":{"line":14,"column":29},"end":{"line":14,"column":48}}],"line":14},"3":{"loc":{"start":{"line":19,"column":4},"end":{"line":21,"column":5}},"type":"if","locations":[{"start":{"line":19,"column":4},"end":{"line":21,"column":5}},{"start":{},"end":{}}],"line":19}},"s":{"0":2,"1":2,"2":0,"3":0,"4":0,"5":0,"6":0,"7":0,"8":0,"9":0,"10":0,"11":0,"12":0,"13":0,"14":0,"15":0,"16":0,"17":0,"18":2},"f":{"0":0},"b":{"0":[0,0],"1":[0,0],"2":[0,0,0],"3":[0,0]},"_coverageSchema":"1a1c01bbd47fc00a2c39e90264f33305004495a9","hash":"aa087580e3c8b68ea688eb8afe36fcdec9b367c4"}
,"E:\\phase2\\IP\\IP-HCK75\\server\\Middlewares\\authorization.js": {"path":"E:\\phase2\\IP\\IP-HCK75\\server\\Middlewares\\authorization.js","statementMap":{"0":{"start":{"line":1,"column":30},"end":{"line":1,"column":50}},"1":{"start":{"line":3,"column":2},"end":{"line":21,"column":3}},"2":{"start":{"line":4,"column":4},"end":{"line":16,"column":5}},"3":{"start":{"line":5,"column":6},"end":{"line":5,"column":13}},"4":{"start":{"line":8,"column":20},"end":{"line":8,"column":33}},"5":{"start":{"line":10,"column":19},"end":{"line":10,"column":46}},"6":{"start":{"line":11,"column":6},"end":{"line":13,"column":7}},"7":{"start":{"line":12,"column":8},"end":{"line":12,"column":35}},"8":{"start":{"line":15,"column":6},"end":{"line":15,"column":13}},"9":{"start":{"line":18,"column":4},"end":{"line":18,"column":35}},"10":{"start":{"line":20,"column":4},"end":{"line":20,"column":16}},"11":{"start":{"line":24,"column":0},"end":{"line":24,"column":31}}},"fnMap":{"0":{"name":"authorization","decl":{"start":{"line":2,"column":15},"end":{"line":2,"column":28}},"loc":{"start":{"line":2,"column":45},"end":{"line":22,"column":1}},"line":2}},"branchMap":{"0":{"loc":{"start":{"line":4,"column":4},"end":{"line":16,"column":5}},"type":"if","locations":[{"start":{"line":4,"column":4},"end":{"line":16,"column":5}},{"start":{"line":6,"column":11},"end":{"line":16,"column":5}}],"line":4},"1":{"loc":{"start":{"line":11,"column":6},"end":{"line":13,"column":7}},"type":"if","locations":[{"start":{"line":11,"column":6},"end":{"line":13,"column":7}},{"start":{},"end":{}}],"line":11}},"s":{"0":2,"1":0,"2":0,"3":0,"4":0,"5":0,"6":0,"7":0,"8":0,"9":0,"10":0,"11":2},"f":{"0":0},"b":{"0":[0,0],"1":[0,0]},"_coverageSchema":"1a1c01bbd47fc00a2c39e90264f33305004495a9","hash":"fb90195f4c175547b3942137774e6a828b534c2b"}
,"E:\\phase2\\IP\\IP-HCK75\\server\\Middlewares\\errorhandler.js": {"path":"E:\\phase2\\IP\\IP-HCK75\\server\\Middlewares\\errorhandler.js","statementMap":{"0":{"start":{"line":3,"column":2},"end":{"line":3,"column":39}},"1":{"start":{"line":5,"column":15},"end":{"line":5,"column":34}},"2":{"start":{"line":6,"column":16},"end":{"line":6,"column":56}},"3":{"start":{"line":8,"column":2},"end":{"line":36,"column":3}},"4":{"start":{"line":11,"column":6},"end":{"line":11,"column":19}},"5":{"start":{"line":12,"column":6},"end":{"line":12,"column":40}},"6":{"start":{"line":13,"column":6},"end":{"line":13,"column":12}},"7":{"start":{"line":16,"column":6},"end":{"line":16,"column":19}},"8":{"start":{"line":17,"column":6},"end":{"line":17,"column":27}},"9":{"start":{"line":18,"column":6},"end":{"line":18,"column":12}},"10":{"start":{"line":20,"column":6},"end":{"line":20,"column":19}},"11":{"start":{"line":21,"column":6},"end":{"line":21,"column":27}},"12":{"start":{"line":22,"column":6},"end":{"line":22,"column":12}},"13":{"start":{"line":25,"column":6},"end":{"line":25,"column":19}},"14":{"start":{"line":26,"column":6},"end":{"line":26,"column":32}},"15":{"start":{"line":27,"column":6},"end":{"line":27,"column":12}},"16":{"start":{"line":29,"column":6},"end":{"line":29,"column":19}},"17":{"start":{"line":30,"column":6},"end":{"line":30,"column":44}},"18":{"start":{"line":31,"column":6},"end":{"line":31,"column":12}},"19":{"start":{"line":33,"column":6},"end":{"line":33,"column":19}},"20":{"start":{"line":34,"column":6},"end":{"line":34,"column":33}},"21":{"start":{"line":35,"column":6},"end":{"line":35,"column":12}},"22":{"start":{"line":37,"column":2},"end":{"line":37,"column":48}},"23":{"start":{"line":39,"column":0},"end":{"line":39,"column":30}}},"fnMap":{"0":{"name":"errorHandler","decl":{"start":{"line":1,"column":9},"end":{"line":1,"column":21}},"loc":{"start":{"line":1,"column":45},"end":{"line":38,"column":1}},"line":1}},"branchMap":{"0":{"loc":{"start":{"line":5,"column":15},"end":{"line":5,"column":34}},"type":"binary-expr","locations":[{"start":{"line":5,"column":15},"end":{"line":5,"column":27}},{"start":{"line":5,"column":31},"end":{"line":5,"column":34}}],"line":5},"1":{"loc":{"start":{"line":6,"column":16},"end":{"line":6,"column":56}},"type":"binary-expr","locations":[{"start":{"line":6,"column":16},"end":{"line":6,"column":29}},{"start":{"line":6,"column":33},"end":{"line":6,"column":56}}],"line":6},"2":{"loc":{"start":{"line":8,"column":2},"end":{"line":36,"column":3}},"type":"switch","locations":[{"start":{"line":9,"column":4},"end":{"line":9,"column":36}},{"start":{"line":10,"column":4},"end":{"line":13,"column":12}},{"start":{"line":14,"column":4},"end":{"line":14,"column":29}},{"start":{"line":15,"column":4},"end":{"line":18,"column":12}},{"start":{"line":19,"column":4},"end":{"line":22,"column":12}},{"start":{"line":23,"column":4},"end":{"line":23,"column":25}},{"start":{"line":24,"column":4},"end":{"line":27,"column":12}},{"start":{"line":28,"column":4},"end":{"line":31,"column":12}},{"start":{"line":32,"column":4},"end":{"line":35,"column":12}}],"line":8}},"s":{"0":5,"1":5,"2":5,"3":5,"4":2,"5":2,"6":2,"7":2,"8":2,"9":2,"10":1,"11":1,"12":1,"13":0,"14":0,"15":0,"16":0,"17":0,"18":0,"19":0,"20":0,"21":0,"22":5,"23":2},"f":{"0":5},"b":{"0":[5,5],"1":[5,3],"2":[2,2,1,2,1,0,0,0,0]},"_coverageSchema":"1a1c01bbd47fc00a2c39e90264f33305004495a9","hash":"59c778e1a653d44237f9a641ab319b6e4e225491"}
,"E:\\phase2\\IP\\IP-HCK75\\server\\Routers\\index.js": {"path":"E:\\phase2\\IP\\IP-HCK75\\server\\Routers\\index.js","statementMap":{"0":{"start":{"line":1,"column":22},"end":{"line":1,"column":61}},"1":{"start":{"line":3,"column":19},"end":{"line":3,"column":56}},"2":{"start":{"line":4,"column":24},"end":{"line":4,"column":65}},"3":{"start":{"line":5,"column":23},"end":{"line":5,"column":63}},"4":{"start":{"line":6,"column":21},"end":{"line":6,"column":59}},"5":{"start":{"line":8,"column":15},"end":{"line":8,"column":42}},"6":{"start":{"line":9,"column":13},"end":{"line":9,"column":41}},"7":{"start":{"line":13,"column":0},"end":{"line":13,"column":45}},"8":{"start":{"line":14,"column":0},"end":{"line":14,"column":39}},"9":{"start":{"line":15,"column":0},"end":{"line":15,"column":40}},"10":{"start":{"line":16,"column":0},"end":{"line":26,"column":2}},"11":{"start":{"line":17,"column":4},"end":{"line":25,"column":5}},"12":{"start":{"line":18,"column":26},"end":{"line":18,"column":34}},"13":{"start":{"line":19,"column":16},"end":{"line":19,"column":38}},"14":{"start":{"line":20,"column":8},"end":{"line":20,"column":32}},"15":{"start":{"line":22,"column":8},"end":{"line":22,"column":27}},"16":{"start":{"line":23,"column":8},"end":{"line":23,"column":19}},"17":{"start":{"line":27,"column":0},"end":{"line":27,"column":26}},"18":{"start":{"line":28,"column":0},"end":{"line":28,"column":41}},"19":{"start":{"line":29,"column":0},"end":{"line":29,"column":39}},"20":{"start":{"line":30,"column":0},"end":{"line":30,"column":24}},"21":{"start":{"line":31,"column":0},"end":{"line":31,"column":23}}},"fnMap":{"0":{"name":"(anonymous_0)","decl":{"start":{"line":16,"column":22},"end":{"line":16,"column":23}},"loc":{"start":{"line":16,"column":43},"end":{"line":26,"column":1}},"line":16}},"branchMap":{},"s":{"0":2,"1":2,"2":2,"3":2,"4":2,"5":2,"6":2,"7":2,"8":2,"9":2,"10":2,"11":0,"12":0,"13":0,"14":0,"15":0,"16":0,"17":2,"18":2,"19":2,"20":2,"21":2},"f":{"0":0},"b":{},"_coverageSchema":"1a1c01bbd47fc00a2c39e90264f33305004495a9","hash":"758a0b175d3b2fd288e9a0bbb41c550b64ed60a6"}
,"E:\\phase2\\IP\\IP-HCK75\\server\\Routers\\plant.js": {"path":"E:\\phase2\\IP\\IP-HCK75\\server\\Routers\\plant.js","statementMap":{"0":{"start":{"line":1,"column":16},"end":{"line":1,"column":34}},"1":{"start":{"line":2,"column":14},"end":{"line":2,"column":41}},"2":{"start":{"line":3,"column":23},"end":{"line":3,"column":64}},"3":{"start":{"line":4,"column":22},"end":{"line":4,"column":61}},"4":{"start":{"line":6,"column":23},"end":{"line":6,"column":63}},"5":{"start":{"line":11,"column":0},"end":{"line":11,"column":25}},"6":{"start":{"line":13,"column":0},"end":{"line":13,"column":44}},"7":{"start":{"line":14,"column":0},"end":{"line":14,"column":46}},"8":{"start":{"line":15,"column":0},"end":{"line":15,"column":45}},"9":{"start":{"line":16,"column":0},"end":{"line":16,"column":44}},"10":{"start":{"line":18,"column":0},"end":{"line":18,"column":50}},"11":{"start":{"line":20,"column":0},"end":{"line":20,"column":23}}},"fnMap":{},"branchMap":{},"s":{"0":2,"1":2,"2":2,"3":2,"4":2,"5":2,"6":2,"7":2,"8":2,"9":2,"10":2,"11":2},"f":{},"b":{},"_coverageSchema":"1a1c01bbd47fc00a2c39e90264f33305004495a9","hash":"5ebad6a52ef97e951f262e8f2b85f89e1106a9a5"}
,"E:\\phase2\\IP\\IP-HCK75\\server\\Routers\\type.js": {"path":"E:\\phase2\\IP\\IP-HCK75\\server\\Routers\\type.js","statementMap":{"0":{"start":{"line":1,"column":16},"end":{"line":1,"column":34}},"1":{"start":{"line":2,"column":23},"end":{"line":2,"column":63}},"2":{"start":{"line":3,"column":13},"end":{"line":3,"column":40}},"3":{"start":{"line":5,"column":0},"end":{"line":5,"column":38}},"4":{"start":{"line":6,"column":0},"end":{"line":6,"column":40}},"5":{"start":{"line":7,"column":0},"end":{"line":7,"column":42}},"6":{"start":{"line":8,"column":0},"end":{"line":8,"column":41}},"7":{"start":{"line":10,"column":0},"end":{"line":10,"column":22}}},"fnMap":{},"branchMap":{},"s":{"0":2,"1":2,"2":2,"3":2,"4":2,"5":2,"6":2,"7":2},"f":{},"b":{},"_coverageSchema":"1a1c01bbd47fc00a2c39e90264f33305004495a9","hash":"8d23808a53491dbb3908dfb7fe4715385bc8daeb"}
,"E:\\phase2\\IP\\IP-HCK75\\server\\models\\index.js": {"path":"E:\\phase2\\IP\\IP-HCK75\\server\\models\\index.js","statementMap":{"0":{"start":{"line":3,"column":11},"end":{"line":3,"column":24}},"1":{"start":{"line":4,"column":13},"end":{"line":4,"column":28}},"2":{"start":{"line":5,"column":18},"end":{"line":5,"column":38}},"3":{"start":{"line":6,"column":16},"end":{"line":6,"column":34}},"4":{"start":{"line":7,"column":17},"end":{"line":7,"column":42}},"5":{"start":{"line":8,"column":12},"end":{"line":8,"column":49}},"6":{"start":{"line":9,"column":15},"end":{"line":9,"column":65}},"7":{"start":{"line":10,"column":11},"end":{"line":10,"column":13}},"8":{"start":{"line":13,"column":0},"end":{"line":17,"column":1}},"9":{"start":{"line":14,"column":2},"end":{"line":14,"column":74}},"10":{"start":{"line":16,"column":2},"end":{"line":16,"column":87}},"11":{"start":{"line":19,"column":0},"end":{"line":32,"column":5}},"12":{"start":{"line":22,"column":4},"end":{"line":27,"column":6}},"13":{"start":{"line":30,"column":18},"end":{"line":30,"column":85}},"14":{"start":{"line":31,"column":4},"end":{"line":31,"column":27}},"15":{"start":{"line":34,"column":0},"end":{"line":38,"column":3}},"16":{"start":{"line":35,"column":2},"end":{"line":37,"column":3}},"17":{"start":{"line":36,"column":4},"end":{"line":36,"column":32}},"18":{"start":{"line":40,"column":0},"end":{"line":40,"column":25}},"19":{"start":{"line":41,"column":0},"end":{"line":41,"column":25}},"20":{"start":{"line":43,"column":0},"end":{"line":43,"column":20}}},"fnMap":{"0":{"name":"(anonymous_0)","decl":{"start":{"line":21,"column":10},"end":{"line":21,"column":11}},"loc":{"start":{"line":21,"column":18},"end":{"line":28,"column":3}},"line":21},"1":{"name":"(anonymous_1)","decl":{"start":{"line":29,"column":11},"end":{"line":29,"column":12}},"loc":{"start":{"line":29,"column":19},"end":{"line":32,"column":3}},"line":29},"2":{"name":"(anonymous_2)","decl":{"start":{"line":34,"column":24},"end":{"line":34,"column":25}},"loc":{"start":{"line":34,"column":37},"end":{"line":38,"column":1}},"line":34}},"branchMap":{"0":{"loc":{"start":{"line":8,"column":12},"end":{"line":8,"column":49}},"type":"binary-expr","locations":[{"start":{"line":8,"column":12},"end":{"line":8,"column":32}},{"start":{"line":8,"column":36},"end":{"line":8,"column":49}}],"line":8},"1":{"loc":{"start":{"line":13,"column":0},"end":{"line":17,"column":1}},"type":"if","locations":[{"start":{"line":13,"column":0},"end":{"line":17,"column":1}},{"start":{"line":15,"column":7},"end":{"line":17,"column":1}}],"line":13},"2":{"loc":{"start":{"line":23,"column":6},"end":{"line":26,"column":37}},"type":"binary-expr","locations":[{"start":{"line":23,"column":6},"end":{"line":23,"column":29}},{"start":{"line":24,"column":6},"end":{"line":24,"column":23}},{"start":{"line":25,"column":6},"end":{"line":25,"column":30}},{"start":{"line":26,"column":6},"end":{"line":26,"column":37}}],"line":23},"3":{"loc":{"start":{"line":35,"column":2},"end":{"line":37,"column":3}},"type":"if","locations":[{"start":{"line":35,"column":2},"end":{"line":37,"column":3}},{"start":{},"end":{}}],"line":35}},"s":{"0":2,"1":2,"2":2,"3":2,"4":2,"5":2,"6":2,"7":2,"8":2,"9":0,"10":2,"11":2,"12":8,"13":6,"14":6,"15":2,"16":6,"17":6,"18":2,"19":2,"20":2},"f":{"0":8,"1":6,"2":6},"b":{"0":[2,0],"1":[0,2],"2":[8,8,6,6],"3":[6,0]},"_coverageSchema":"1a1c01bbd47fc00a2c39e90264f33305004495a9","hash":"2e50934b51b4807033c193dad8a22613d9a81d59"}
,"E:\\phase2\\IP\\IP-HCK75\\server\\models\\plant.js": {"path":"E:\\phase2\\IP\\IP-HCK75\\server\\models\\plant.js","statementMap":{"0":{"start":{"line":4,"column":4},"end":{"line":4,"column":24}},"1":{"start":{"line":5,"column":0},"end":{"line":100,"column":2}},"2":{"start":{"line":14,"column":6},"end":{"line":14,"column":56}},"3":{"start":{"line":17,"column":2},"end":{"line":98,"column":5}},"4":{"start":{"line":99,"column":2},"end":{"line":99,"column":15}}},"fnMap":{"0":{"name":"(anonymous_0)","decl":{"start":{"line":5,"column":17},"end":{"line":5,"column":18}},"loc":{"start":{"line":5,"column":43},"end":{"line":100,"column":1}},"line":5},"1":{"name":"(anonymous_1)","decl":{"start":{"line":12,"column":4},"end":{"line":12,"column":5}},"loc":{"start":{"line":12,"column":29},"end":{"line":15,"column":5}},"line":12}},"branchMap":{},"s":{"0":2,"1":2,"2":2,"3":2,"4":2},"f":{"0":2,"1":2},"b":{},"_coverageSchema":"1a1c01bbd47fc00a2c39e90264f33305004495a9","hash":"331c9aca81f4e4a34ced79944f9f82d0afcf313e"}
,"E:\\phase2\\IP\\IP-HCK75\\server\\models\\type.js": {"path":"E:\\phase2\\IP\\IP-HCK75\\server\\models\\type.js","statementMap":{"0":{"start":{"line":4,"column":4},"end":{"line":4,"column":24}},"1":{"start":{"line":5,"column":0},"end":{"line":34,"column":2}},"2":{"start":{"line":14,"column":6},"end":{"line":14,"column":54}},"3":{"start":{"line":17,"column":2},"end":{"line":32,"column":5}},"4":{"start":{"line":33,"column":2},"end":{"line":33,"column":14}}},"fnMap":{"0":{"name":"(anonymous_0)","decl":{"start":{"line":5,"column":17},"end":{"line":5,"column":18}},"loc":{"start":{"line":5,"column":43},"end":{"line":34,"column":1}},"line":5},"1":{"name":"(anonymous_1)","decl":{"start":{"line":12,"column":4},"end":{"line":12,"column":5}},"loc":{"start":{"line":12,"column":29},"end":{"line":15,"column":5}},"line":12}},"branchMap":{},"s":{"0":2,"1":2,"2":2,"3":2,"4":2},"f":{"0":2,"1":2},"b":{},"_coverageSchema":"1a1c01bbd47fc00a2c39e90264f33305004495a9","hash":"3878aaf7663409a200b80a4a59c17324246a4e43"}
,"E:\\phase2\\IP\\IP-HCK75\\server\\models\\user.js": {"path":"E:\\phase2\\IP\\IP-HCK75\\server\\models\\user.js","statementMap":{"0":{"start":{"line":3,"column":18},"end":{"line":3,"column":38}},"1":{"start":{"line":4,"column":25},"end":{"line":4,"column":55}},"2":{"start":{"line":6,"column":0},"end":{"line":42,"column":2}},"3":{"start":{"line":18,"column":2},"end":{"line":39,"column":5}},"4":{"start":{"line":34,"column":8},"end":{"line":34,"column":52}},"5":{"start":{"line":41,"column":2},"end":{"line":41,"column":14}}},"fnMap":{"0":{"name":"(anonymous_0)","decl":{"start":{"line":6,"column":17},"end":{"line":6,"column":18}},"loc":{"start":{"line":6,"column":43},"end":{"line":42,"column":1}},"line":6},"1":{"name":"(anonymous_1)","decl":{"start":{"line":13,"column":4},"end":{"line":13,"column":5}},"loc":{"start":{"line":13,"column":29},"end":{"line":15,"column":5}},"line":13},"2":{"name":"(anonymous_2)","decl":{"start":{"line":32,"column":6},"end":{"line":32,"column":7}},"loc":{"start":{"line":32,"column":34},"end":{"line":35,"column":7}},"line":32}},"branchMap":{},"s":{"0":2,"1":2,"2":2,"3":2,"4":1,"5":2},"f":{"0":2,"1":2,"2":1},"b":{},"_coverageSchema":"1a1c01bbd47fc00a2c39e90264f33305004495a9","hash":"b1e7d2fbaf42992125786ff7dac3b9f9eec93d95"}
}
